ARM GAS  C:\Users\Raj\AppData\Local\Temp\ccLoqBPe.s 			page 1


   1              		.cpu cortex-m0
   2              		.eabi_attribute 20, 1
   3              		.eabi_attribute 21, 1
   4              		.eabi_attribute 23, 3
   5              		.eabi_attribute 24, 1
   6              		.eabi_attribute 25, 1
   7              		.eabi_attribute 26, 1
   8              		.eabi_attribute 30, 1
   9              		.eabi_attribute 34, 0
  10              		.eabi_attribute 18, 4
  11              		.file	"main.c"
  12              		.text
  13              	.Ltext0:
  14              		.cfi_sections	.debug_frame
  15              		.section	.text.MX_GPIO_Init,"ax",%progbits
  16              		.align	1
  17              		.syntax unified
  18              		.code	16
  19              		.thumb_func
  20              		.fpu softvfp
  22              	MX_GPIO_Init:
  23              	.LFB38:
  24              		.file 1 "Src/main.c"
   1:Src/main.c    **** /* Includes ------------------------------------------------------------------*/
   2:Src/main.c    **** #include "main.h"
   3:Src/main.c    **** #include "stm32f0xx_hal.h"
   4:Src/main.c    **** #include "cmsis_os.h"
   5:Src/main.c    **** #include "uart.h"
   6:Src/main.c    **** 
   7:Src/main.c    **** RTC_HandleTypeDef hrtc;
   8:Src/main.c    **** osThreadId defaultTaskHandle;
   9:Src/main.c    **** 
  10:Src/main.c    **** void SystemClock_Config(void);
  11:Src/main.c    **** static void MX_GPIO_Init(void);
  12:Src/main.c    **** static void MX_RTC_Init(void);
  13:Src/main.c    **** void StartDefaultTask(void const * argument);
  14:Src/main.c    **** 
  15:Src/main.c    **** int main(void)
  16:Src/main.c    **** {
  17:Src/main.c    ****   HAL_Init();
  18:Src/main.c    **** 
  19:Src/main.c    **** 
  20:Src/main.c    ****   SystemClock_Config();
  21:Src/main.c    **** 
  22:Src/main.c    ****   MX_GPIO_Init();
  23:Src/main.c    ****   MX_USART2_UART_Init();
  24:Src/main.c    ****   MX_RTC_Init();
  25:Src/main.c    **** 
  26:Src/main.c    ****   Test_UART();
  27:Src/main.c    **** 
  28:Src/main.c    ****   printf("Test Print \n");
  29:Src/main.c    **** 
  30:Src/main.c    ****   osThreadDef(defaultTask, StartDefaultTask, osPriorityNormal, 0, 128);
  31:Src/main.c    ****   defaultTaskHandle = osThreadCreate(osThread(defaultTask), NULL);
  32:Src/main.c    **** 
  33:Src/main.c    ****   /* Start scheduler */
  34:Src/main.c    ****   osKernelStart();
ARM GAS  C:\Users\Raj\AppData\Local\Temp\ccLoqBPe.s 			page 2


  35:Src/main.c    **** 
  36:Src/main.c    ****   while (1)
  37:Src/main.c    ****   {
  38:Src/main.c    **** 
  39:Src/main.c    ****   }
  40:Src/main.c    **** 
  41:Src/main.c    **** }
  42:Src/main.c    **** 
  43:Src/main.c    **** /** System Clock Configuration
  44:Src/main.c    **** */
  45:Src/main.c    **** void SystemClock_Config(void)
  46:Src/main.c    **** {
  47:Src/main.c    **** 
  48:Src/main.c    ****   RCC_OscInitTypeDef RCC_OscInitStruct;
  49:Src/main.c    ****   RCC_ClkInitTypeDef RCC_ClkInitStruct;
  50:Src/main.c    ****   RCC_PeriphCLKInitTypeDef PeriphClkInit;
  51:Src/main.c    **** 
  52:Src/main.c    ****     /**Initializes the CPU, AHB and APB busses clocks 
  53:Src/main.c    ****     */
  54:Src/main.c    ****   RCC_OscInitStruct.OscillatorType = RCC_OSCILLATORTYPE_HSI|RCC_OSCILLATORTYPE_LSI;
  55:Src/main.c    ****   RCC_OscInitStruct.HSIState = RCC_HSI_ON;
  56:Src/main.c    ****   RCC_OscInitStruct.HSICalibrationValue = 16;
  57:Src/main.c    ****   RCC_OscInitStruct.LSIState = RCC_LSI_ON;
  58:Src/main.c    ****   RCC_OscInitStruct.PLL.PLLState = RCC_PLL_ON;
  59:Src/main.c    ****   RCC_OscInitStruct.PLL.PLLSource = RCC_PLLSOURCE_HSI;
  60:Src/main.c    ****   RCC_OscInitStruct.PLL.PLLMUL = RCC_PLL_MUL12;
  61:Src/main.c    ****   RCC_OscInitStruct.PLL.PREDIV = RCC_PREDIV_DIV2;
  62:Src/main.c    ****   if (HAL_RCC_OscConfig(&RCC_OscInitStruct) != HAL_OK)
  63:Src/main.c    ****   {
  64:Src/main.c    ****     _Error_Handler(__FILE__, __LINE__);
  65:Src/main.c    ****   }
  66:Src/main.c    **** 
  67:Src/main.c    ****     /**Initializes the CPU, AHB and APB busses clocks 
  68:Src/main.c    ****     */
  69:Src/main.c    ****   RCC_ClkInitStruct.ClockType = RCC_CLOCKTYPE_HCLK|RCC_CLOCKTYPE_SYSCLK
  70:Src/main.c    ****                               |RCC_CLOCKTYPE_PCLK1;
  71:Src/main.c    ****   RCC_ClkInitStruct.SYSCLKSource = RCC_SYSCLKSOURCE_PLLCLK;
  72:Src/main.c    ****   RCC_ClkInitStruct.AHBCLKDivider = RCC_SYSCLK_DIV1;
  73:Src/main.c    ****   RCC_ClkInitStruct.APB1CLKDivider = RCC_HCLK_DIV1;
  74:Src/main.c    **** 
  75:Src/main.c    ****   if (HAL_RCC_ClockConfig(&RCC_ClkInitStruct, FLASH_LATENCY_1) != HAL_OK)
  76:Src/main.c    ****   {
  77:Src/main.c    ****     _Error_Handler(__FILE__, __LINE__);
  78:Src/main.c    ****   }
  79:Src/main.c    **** 
  80:Src/main.c    ****   PeriphClkInit.PeriphClockSelection = RCC_PERIPHCLK_USART2|RCC_PERIPHCLK_RTC;
  81:Src/main.c    ****   PeriphClkInit.Usart2ClockSelection = RCC_USART2CLKSOURCE_PCLK1;
  82:Src/main.c    ****   PeriphClkInit.RTCClockSelection = RCC_RTCCLKSOURCE_LSI;
  83:Src/main.c    ****   if (HAL_RCCEx_PeriphCLKConfig(&PeriphClkInit) != HAL_OK)
  84:Src/main.c    ****   {
  85:Src/main.c    ****     _Error_Handler(__FILE__, __LINE__);
  86:Src/main.c    ****   }
  87:Src/main.c    **** 
  88:Src/main.c    ****     /**Configure the Systick interrupt time 
  89:Src/main.c    ****     */
  90:Src/main.c    ****   HAL_SYSTICK_Config(HAL_RCC_GetHCLKFreq()/1000);
  91:Src/main.c    **** 
ARM GAS  C:\Users\Raj\AppData\Local\Temp\ccLoqBPe.s 			page 3


  92:Src/main.c    ****     /**Configure the Systick 
  93:Src/main.c    ****     */
  94:Src/main.c    ****   HAL_SYSTICK_CLKSourceConfig(SYSTICK_CLKSOURCE_HCLK);
  95:Src/main.c    **** 
  96:Src/main.c    ****   /* SysTick_IRQn interrupt configuration */
  97:Src/main.c    ****   HAL_NVIC_SetPriority(SysTick_IRQn, 3, 0);
  98:Src/main.c    **** }
  99:Src/main.c    **** 
 100:Src/main.c    **** /* RTC init function */
 101:Src/main.c    **** static void MX_RTC_Init(void)
 102:Src/main.c    **** {
 103:Src/main.c    **** 
 104:Src/main.c    ****   RTC_TimeTypeDef sTime;
 105:Src/main.c    ****   RTC_DateTypeDef sDate;
 106:Src/main.c    **** 
 107:Src/main.c    ****     /**Initialize RTC Only 
 108:Src/main.c    ****     */
 109:Src/main.c    ****   hrtc.Instance = RTC;
 110:Src/main.c    ****   hrtc.Init.HourFormat = RTC_HOURFORMAT_24;
 111:Src/main.c    ****   hrtc.Init.AsynchPrediv = 127;
 112:Src/main.c    ****   hrtc.Init.SynchPrediv = 255;
 113:Src/main.c    ****   hrtc.Init.OutPut = RTC_OUTPUT_DISABLE;
 114:Src/main.c    ****   hrtc.Init.OutPutPolarity = RTC_OUTPUT_POLARITY_HIGH;
 115:Src/main.c    ****   hrtc.Init.OutPutType = RTC_OUTPUT_TYPE_OPENDRAIN;
 116:Src/main.c    ****   if (HAL_RTC_Init(&hrtc) != HAL_OK)
 117:Src/main.c    ****   {
 118:Src/main.c    ****     _Error_Handler(__FILE__, __LINE__);
 119:Src/main.c    ****   }
 120:Src/main.c    **** 
 121:Src/main.c    ****     /**Initialize RTC and set the Time and Date 
 122:Src/main.c    ****     */
 123:Src/main.c    ****   sTime.Hours = 0x0;
 124:Src/main.c    ****   sTime.Minutes = 0x0;
 125:Src/main.c    ****   sTime.Seconds = 0x0;
 126:Src/main.c    ****   sTime.DayLightSaving = RTC_DAYLIGHTSAVING_NONE;
 127:Src/main.c    ****   sTime.StoreOperation = RTC_STOREOPERATION_RESET;
 128:Src/main.c    ****   if (HAL_RTC_SetTime(&hrtc, &sTime, RTC_FORMAT_BCD) != HAL_OK)
 129:Src/main.c    ****   {
 130:Src/main.c    ****     _Error_Handler(__FILE__, __LINE__);
 131:Src/main.c    ****   }
 132:Src/main.c    **** 
 133:Src/main.c    ****   sDate.WeekDay = RTC_WEEKDAY_MONDAY;
 134:Src/main.c    ****   sDate.Month = RTC_MONTH_JANUARY;
 135:Src/main.c    ****   sDate.Date = 0x1;
 136:Src/main.c    ****   sDate.Year = 0x0;
 137:Src/main.c    **** 
 138:Src/main.c    ****   if (HAL_RTC_SetDate(&hrtc, &sDate, RTC_FORMAT_BCD) != HAL_OK)
 139:Src/main.c    ****   {
 140:Src/main.c    ****     _Error_Handler(__FILE__, __LINE__);
 141:Src/main.c    ****   }
 142:Src/main.c    **** 
 143:Src/main.c    ****   if(HAL_RTCEx_BKUPRead(&hrtc, RTC_BKP_DR0) != 0x32F2){
 144:Src/main.c    ****     HAL_RTCEx_BKUPWrite(&hrtc,RTC_BKP_DR0,0x32F2);
 145:Src/main.c    ****   }
 146:Src/main.c    **** 
 147:Src/main.c    **** }
 148:Src/main.c    **** 
ARM GAS  C:\Users\Raj\AppData\Local\Temp\ccLoqBPe.s 			page 4


 149:Src/main.c    **** /** Configure pins as 
 150:Src/main.c    ****         * Analog 
 151:Src/main.c    ****         * Input 
 152:Src/main.c    ****         * Output
 153:Src/main.c    ****         * EVENT_OUT
 154:Src/main.c    ****         * EXTI
 155:Src/main.c    **** */
 156:Src/main.c    **** static void MX_GPIO_Init(void)
 157:Src/main.c    **** {
  25              		.loc 1 157 0
  26              		.cfi_startproc
  27              		@ args = 0, pretend = 0, frame = 32
  28              		@ frame_needed = 0, uses_anonymous_args = 0
  29 0000 30B5     		push	{r4, r5, lr}
  30              	.LCFI0:
  31              		.cfi_def_cfa_offset 12
  32              		.cfi_offset 4, -12
  33              		.cfi_offset 5, -8
  34              		.cfi_offset 14, -4
  35 0002 89B0     		sub	sp, sp, #36
  36              	.LCFI1:
  37              		.cfi_def_cfa_offset 48
  38              	.LBB2:
 158:Src/main.c    **** 
 159:Src/main.c    ****   GPIO_InitTypeDef GPIO_InitStruct;
 160:Src/main.c    **** 
 161:Src/main.c    ****   /* GPIO Ports Clock Enable */
 162:Src/main.c    ****   __HAL_RCC_GPIOC_CLK_ENABLE();
  39              		.loc 1 162 0
  40 0004 1C4B     		ldr	r3, .L2
  41 0006 5969     		ldr	r1, [r3, #20]
  42 0008 8020     		movs	r0, #128
  43 000a 0003     		lsls	r0, r0, #12
  44 000c 0143     		orrs	r1, r0
  45 000e 5961     		str	r1, [r3, #20]
  46 0010 5A69     		ldr	r2, [r3, #20]
  47 0012 0240     		ands	r2, r0
  48 0014 0092     		str	r2, [sp]
  49 0016 009A     		ldr	r2, [sp]
  50              	.LBE2:
  51              	.LBB3:
 163:Src/main.c    ****   __HAL_RCC_GPIOF_CLK_ENABLE();
  52              		.loc 1 163 0
  53 0018 5969     		ldr	r1, [r3, #20]
  54 001a 8020     		movs	r0, #128
  55 001c C003     		lsls	r0, r0, #15
  56 001e 0143     		orrs	r1, r0
  57 0020 5961     		str	r1, [r3, #20]
  58 0022 5A69     		ldr	r2, [r3, #20]
  59 0024 0240     		ands	r2, r0
  60 0026 0192     		str	r2, [sp, #4]
  61 0028 019A     		ldr	r2, [sp, #4]
  62              	.LBE3:
  63              	.LBB4:
 164:Src/main.c    ****   __HAL_RCC_GPIOA_CLK_ENABLE();
  64              		.loc 1 164 0
  65 002a 5A69     		ldr	r2, [r3, #20]
ARM GAS  C:\Users\Raj\AppData\Local\Temp\ccLoqBPe.s 			page 5


  66 002c 8021     		movs	r1, #128
  67 002e 8902     		lsls	r1, r1, #10
  68 0030 0A43     		orrs	r2, r1
  69 0032 5A61     		str	r2, [r3, #20]
  70 0034 5B69     		ldr	r3, [r3, #20]
  71 0036 0B40     		ands	r3, r1
  72 0038 0293     		str	r3, [sp, #8]
  73 003a 029B     		ldr	r3, [sp, #8]
  74              	.LBE4:
 165:Src/main.c    **** 
 166:Src/main.c    ****   /*Configure GPIO pin Output Level */
 167:Src/main.c    ****   HAL_GPIO_WritePin(LD2_GPIO_Port, LD2_Pin, GPIO_PIN_RESET);
  75              		.loc 1 167 0
  76 003c 9025     		movs	r5, #144
  77 003e ED05     		lsls	r5, r5, #23
  78 0040 0022     		movs	r2, #0
  79 0042 2021     		movs	r1, #32
  80 0044 2800     		movs	r0, r5
  81 0046 FFF7FEFF 		bl	HAL_GPIO_WritePin
  82              	.LVL0:
 168:Src/main.c    **** 
 169:Src/main.c    ****   /*Configure GPIO pin : B1_Pin */
 170:Src/main.c    ****   GPIO_InitStruct.Pin = B1_Pin;
  83              		.loc 1 170 0
  84 004a 8023     		movs	r3, #128
  85 004c 9B01     		lsls	r3, r3, #6
  86 004e 0393     		str	r3, [sp, #12]
 171:Src/main.c    ****   GPIO_InitStruct.Mode = GPIO_MODE_IT_FALLING;
  87              		.loc 1 171 0
  88 0050 0A4B     		ldr	r3, .L2+4
  89 0052 0493     		str	r3, [sp, #16]
 172:Src/main.c    ****   GPIO_InitStruct.Pull = GPIO_NOPULL;
  90              		.loc 1 172 0
  91 0054 0024     		movs	r4, #0
  92 0056 0594     		str	r4, [sp, #20]
 173:Src/main.c    ****   HAL_GPIO_Init(B1_GPIO_Port, &GPIO_InitStruct);
  93              		.loc 1 173 0
  94 0058 03A9     		add	r1, sp, #12
  95 005a 0948     		ldr	r0, .L2+8
  96 005c FFF7FEFF 		bl	HAL_GPIO_Init
  97              	.LVL1:
 174:Src/main.c    **** 
 175:Src/main.c    ****   /*Configure GPIO pin : LD2_Pin */
 176:Src/main.c    ****   GPIO_InitStruct.Pin = LD2_Pin;
  98              		.loc 1 176 0
  99 0060 2023     		movs	r3, #32
 100 0062 0393     		str	r3, [sp, #12]
 177:Src/main.c    ****   GPIO_InitStruct.Mode = GPIO_MODE_OUTPUT_PP;
 101              		.loc 1 177 0
 102 0064 1F3B     		subs	r3, r3, #31
 103 0066 0493     		str	r3, [sp, #16]
 178:Src/main.c    ****   GPIO_InitStruct.Pull = GPIO_NOPULL;
 104              		.loc 1 178 0
 105 0068 0594     		str	r4, [sp, #20]
 179:Src/main.c    ****   GPIO_InitStruct.Speed = GPIO_SPEED_FREQ_LOW;
 106              		.loc 1 179 0
 107 006a 0694     		str	r4, [sp, #24]
ARM GAS  C:\Users\Raj\AppData\Local\Temp\ccLoqBPe.s 			page 6


 180:Src/main.c    ****   HAL_GPIO_Init(LD2_GPIO_Port, &GPIO_InitStruct);
 108              		.loc 1 180 0
 109 006c 03A9     		add	r1, sp, #12
 110 006e 2800     		movs	r0, r5
 111 0070 FFF7FEFF 		bl	HAL_GPIO_Init
 112              	.LVL2:
 181:Src/main.c    **** 
 182:Src/main.c    **** }
 113              		.loc 1 182 0
 114 0074 09B0     		add	sp, sp, #36
 115              		@ sp needed
 116 0076 30BD     		pop	{r4, r5, pc}
 117              	.L3:
 118              		.align	2
 119              	.L2:
 120 0078 00100240 		.word	1073876992
 121 007c 00002110 		.word	270598144
 122 0080 00080048 		.word	1207961600
 123              		.cfi_endproc
 124              	.LFE38:
 126              		.section	.text.StartDefaultTask,"ax",%progbits
 127              		.align	1
 128              		.global	StartDefaultTask
 129              		.syntax unified
 130              		.code	16
 131              		.thumb_func
 132              		.fpu softvfp
 134              	StartDefaultTask:
 135              	.LFB39:
 183:Src/main.c    **** 
 184:Src/main.c    **** /* USER CODE BEGIN 4 */
 185:Src/main.c    **** 
 186:Src/main.c    **** /* USER CODE END 4 */
 187:Src/main.c    **** 
 188:Src/main.c    **** /* StartDefaultTask function */
 189:Src/main.c    **** void StartDefaultTask(void const * argument)
 190:Src/main.c    **** {
 136              		.loc 1 190 0
 137              		.cfi_startproc
 138              		@ Volatile: function does not return.
 139              		@ args = 0, pretend = 0, frame = 0
 140              		@ frame_needed = 0, uses_anonymous_args = 0
 141              	.LVL3:
 142 0000 10B5     		push	{r4, lr}
 143              	.LCFI2:
 144              		.cfi_def_cfa_offset 8
 145              		.cfi_offset 4, -8
 146              		.cfi_offset 14, -4
 147              	.LVL4:
 148              	.L5:
 191:Src/main.c    **** 
 192:Src/main.c    ****   /* USER CODE BEGIN 5 */
 193:Src/main.c    ****   /* Infinite loop */
 194:Src/main.c    ****   for(;;)
 195:Src/main.c    ****   {
 196:Src/main.c    ****     osDelay(1);
 149              		.loc 1 196 0 discriminator 1
ARM GAS  C:\Users\Raj\AppData\Local\Temp\ccLoqBPe.s 			page 7


 150 0002 0120     		movs	r0, #1
 151 0004 FFF7FEFF 		bl	osDelay
 152              	.LVL5:
 153 0008 FBE7     		b	.L5
 154              		.cfi_endproc
 155              	.LFE39:
 157              		.section	.text._Error_Handler,"ax",%progbits
 158              		.align	1
 159              		.global	_Error_Handler
 160              		.syntax unified
 161              		.code	16
 162              		.thumb_func
 163              		.fpu softvfp
 165              	_Error_Handler:
 166              	.LFB40:
 197:Src/main.c    ****   }
 198:Src/main.c    ****   /* USER CODE END 5 */ 
 199:Src/main.c    **** }
 200:Src/main.c    **** 
 201:Src/main.c    **** /**
 202:Src/main.c    ****   * @brief  This function is executed in case of error occurrence.
 203:Src/main.c    ****   * @param  None
 204:Src/main.c    ****   * @retval None
 205:Src/main.c    ****   */
 206:Src/main.c    **** void _Error_Handler(char * file, int line)
 207:Src/main.c    **** {
 167              		.loc 1 207 0
 168              		.cfi_startproc
 169              		@ Volatile: function does not return.
 170              		@ args = 0, pretend = 0, frame = 0
 171              		@ frame_needed = 0, uses_anonymous_args = 0
 172              		@ link register save eliminated.
 173              	.LVL6:
 174              	.L7:
 175 0000 FEE7     		b	.L7
 176              		.cfi_endproc
 177              	.LFE40:
 179              		.section	.text.MX_RTC_Init,"ax",%progbits
 180              		.align	1
 181              		.syntax unified
 182              		.code	16
 183              		.thumb_func
 184              		.fpu softvfp
 186              	MX_RTC_Init:
 187              	.LFB37:
 102:Src/main.c    **** 
 188              		.loc 1 102 0
 189              		.cfi_startproc
 190              		@ args = 0, pretend = 0, frame = 24
 191              		@ frame_needed = 0, uses_anonymous_args = 0
 102:Src/main.c    **** 
 192              		.loc 1 102 0
 193 0000 00B5     		push	{lr}
 194              	.LCFI3:
 195              		.cfi_def_cfa_offset 4
 196              		.cfi_offset 14, -4
 197 0002 87B0     		sub	sp, sp, #28
ARM GAS  C:\Users\Raj\AppData\Local\Temp\ccLoqBPe.s 			page 8


 198              	.LCFI4:
 199              		.cfi_def_cfa_offset 32
 109:Src/main.c    ****   hrtc.Init.HourFormat = RTC_HOURFORMAT_24;
 200              		.loc 1 109 0
 201 0004 2248     		ldr	r0, .L16
 202 0006 234B     		ldr	r3, .L16+4
 203 0008 0360     		str	r3, [r0]
 110:Src/main.c    ****   hrtc.Init.AsynchPrediv = 127;
 204              		.loc 1 110 0
 205 000a 0023     		movs	r3, #0
 206 000c 4360     		str	r3, [r0, #4]
 111:Src/main.c    ****   hrtc.Init.SynchPrediv = 255;
 207              		.loc 1 111 0
 208 000e 7F22     		movs	r2, #127
 209 0010 8260     		str	r2, [r0, #8]
 112:Src/main.c    ****   hrtc.Init.OutPut = RTC_OUTPUT_DISABLE;
 210              		.loc 1 112 0
 211 0012 8032     		adds	r2, r2, #128
 212 0014 C260     		str	r2, [r0, #12]
 113:Src/main.c    ****   hrtc.Init.OutPutPolarity = RTC_OUTPUT_POLARITY_HIGH;
 213              		.loc 1 113 0
 214 0016 0361     		str	r3, [r0, #16]
 114:Src/main.c    ****   hrtc.Init.OutPutType = RTC_OUTPUT_TYPE_OPENDRAIN;
 215              		.loc 1 114 0
 216 0018 4361     		str	r3, [r0, #20]
 115:Src/main.c    ****   if (HAL_RTC_Init(&hrtc) != HAL_OK)
 217              		.loc 1 115 0
 218 001a 8361     		str	r3, [r0, #24]
 116:Src/main.c    ****   {
 219              		.loc 1 116 0
 220 001c FFF7FEFF 		bl	HAL_RTC_Init
 221              	.LVL7:
 222 0020 0028     		cmp	r0, #0
 223 0022 28D1     		bne	.L13
 123:Src/main.c    ****   sTime.Minutes = 0x0;
 224              		.loc 1 123 0
 225 0024 01A9     		add	r1, sp, #4
 226 0026 0023     		movs	r3, #0
 227 0028 0B70     		strb	r3, [r1]
 124:Src/main.c    ****   sTime.Seconds = 0x0;
 228              		.loc 1 124 0
 229 002a 4B70     		strb	r3, [r1, #1]
 125:Src/main.c    ****   sTime.DayLightSaving = RTC_DAYLIGHTSAVING_NONE;
 230              		.loc 1 125 0
 231 002c 8B70     		strb	r3, [r1, #2]
 126:Src/main.c    ****   sTime.StoreOperation = RTC_STOREOPERATION_RESET;
 232              		.loc 1 126 0
 233 002e CB60     		str	r3, [r1, #12]
 127:Src/main.c    ****   if (HAL_RTC_SetTime(&hrtc, &sTime, RTC_FORMAT_BCD) != HAL_OK)
 234              		.loc 1 127 0
 235 0030 0B61     		str	r3, [r1, #16]
 128:Src/main.c    ****   {
 236              		.loc 1 128 0
 237 0032 0122     		movs	r2, #1
 238 0034 1648     		ldr	r0, .L16
 239 0036 FFF7FEFF 		bl	HAL_RTC_SetTime
 240              	.LVL8:
ARM GAS  C:\Users\Raj\AppData\Local\Temp\ccLoqBPe.s 			page 9


 241 003a 0028     		cmp	r0, #0
 242 003c 1FD1     		bne	.L14
 133:Src/main.c    ****   sDate.Month = RTC_MONTH_JANUARY;
 243              		.loc 1 133 0
 244 003e 0123     		movs	r3, #1
 245 0040 6A46     		mov	r2, sp
 246 0042 1370     		strb	r3, [r2]
 134:Src/main.c    ****   sDate.Date = 0x1;
 247              		.loc 1 134 0
 248 0044 5370     		strb	r3, [r2, #1]
 135:Src/main.c    ****   sDate.Year = 0x0;
 249              		.loc 1 135 0
 250 0046 9370     		strb	r3, [r2, #2]
 136:Src/main.c    **** 
 251              		.loc 1 136 0
 252 0048 0023     		movs	r3, #0
 253 004a D370     		strb	r3, [r2, #3]
 138:Src/main.c    ****   {
 254              		.loc 1 138 0
 255 004c 0122     		movs	r2, #1
 256 004e 6946     		mov	r1, sp
 257 0050 0F48     		ldr	r0, .L16
 258 0052 FFF7FEFF 		bl	HAL_RTC_SetDate
 259              	.LVL9:
 260 0056 0028     		cmp	r0, #0
 261 0058 15D1     		bne	.L15
 143:Src/main.c    ****     HAL_RTCEx_BKUPWrite(&hrtc,RTC_BKP_DR0,0x32F2);
 262              		.loc 1 143 0
 263 005a 0021     		movs	r1, #0
 264 005c 0C48     		ldr	r0, .L16
 265 005e FFF7FEFF 		bl	HAL_RTCEx_BKUPRead
 266              	.LVL10:
 267 0062 0D4B     		ldr	r3, .L16+8
 268 0064 9842     		cmp	r0, r3
 269 0066 04D0     		beq	.L8
 144:Src/main.c    ****   }
 270              		.loc 1 144 0
 271 0068 1A00     		movs	r2, r3
 272 006a 0021     		movs	r1, #0
 273 006c 0848     		ldr	r0, .L16
 274 006e FFF7FEFF 		bl	HAL_RTCEx_BKUPWrite
 275              	.LVL11:
 276              	.L8:
 147:Src/main.c    **** 
 277              		.loc 1 147 0
 278 0072 07B0     		add	sp, sp, #28
 279              		@ sp needed
 280 0074 00BD     		pop	{pc}
 281              	.L13:
 118:Src/main.c    ****   }
 282              		.loc 1 118 0
 283 0076 7621     		movs	r1, #118
 284 0078 0848     		ldr	r0, .L16+12
 285 007a FFF7FEFF 		bl	_Error_Handler
 286              	.LVL12:
 287              	.L14:
 130:Src/main.c    ****   }
ARM GAS  C:\Users\Raj\AppData\Local\Temp\ccLoqBPe.s 			page 10


 288              		.loc 1 130 0
 289 007e 8221     		movs	r1, #130
 290 0080 0648     		ldr	r0, .L16+12
 291 0082 FFF7FEFF 		bl	_Error_Handler
 292              	.LVL13:
 293              	.L15:
 140:Src/main.c    ****   }
 294              		.loc 1 140 0
 295 0086 8C21     		movs	r1, #140
 296 0088 0448     		ldr	r0, .L16+12
 297 008a FFF7FEFF 		bl	_Error_Handler
 298              	.LVL14:
 299              	.L17:
 300 008e C046     		.align	2
 301              	.L16:
 302 0090 00000000 		.word	hrtc
 303 0094 00280040 		.word	1073752064
 304 0098 F2320000 		.word	13042
 305 009c 00000000 		.word	.LC3
 306              		.cfi_endproc
 307              	.LFE37:
 309              		.global	__aeabi_uidiv
 310              		.section	.text.SystemClock_Config,"ax",%progbits
 311              		.align	1
 312              		.global	SystemClock_Config
 313              		.syntax unified
 314              		.code	16
 315              		.thumb_func
 316              		.fpu softvfp
 318              	SystemClock_Config:
 319              	.LFB36:
  46:Src/main.c    **** 
 320              		.loc 1 46 0
 321              		.cfi_startproc
 322              		@ args = 0, pretend = 0, frame = 96
 323              		@ frame_needed = 0, uses_anonymous_args = 0
 324 0000 00B5     		push	{lr}
 325              	.LCFI5:
 326              		.cfi_def_cfa_offset 4
 327              		.cfi_offset 14, -4
 328 0002 99B0     		sub	sp, sp, #100
 329              	.LCFI6:
 330              		.cfi_def_cfa_offset 104
  54:Src/main.c    ****   RCC_OscInitStruct.HSIState = RCC_HSI_ON;
 331              		.loc 1 54 0
 332 0004 0A23     		movs	r3, #10
 333 0006 0B93     		str	r3, [sp, #44]
  55:Src/main.c    ****   RCC_OscInitStruct.HSICalibrationValue = 16;
 334              		.loc 1 55 0
 335 0008 093B     		subs	r3, r3, #9
 336 000a 0E93     		str	r3, [sp, #56]
  56:Src/main.c    ****   RCC_OscInitStruct.LSIState = RCC_LSI_ON;
 337              		.loc 1 56 0
 338 000c 1022     		movs	r2, #16
 339 000e 0F92     		str	r2, [sp, #60]
  57:Src/main.c    ****   RCC_OscInitStruct.PLL.PLLState = RCC_PLL_ON;
 340              		.loc 1 57 0
ARM GAS  C:\Users\Raj\AppData\Local\Temp\ccLoqBPe.s 			page 11


 341 0010 1293     		str	r3, [sp, #72]
  58:Src/main.c    ****   RCC_OscInitStruct.PLL.PLLSource = RCC_PLLSOURCE_HSI;
 342              		.loc 1 58 0
 343 0012 0E3A     		subs	r2, r2, #14
 344 0014 1492     		str	r2, [sp, #80]
  59:Src/main.c    ****   RCC_OscInitStruct.PLL.PLLMUL = RCC_PLL_MUL12;
 345              		.loc 1 59 0
 346 0016 8022     		movs	r2, #128
 347 0018 1202     		lsls	r2, r2, #8
 348 001a 1592     		str	r2, [sp, #84]
  60:Src/main.c    ****   RCC_OscInitStruct.PLL.PREDIV = RCC_PREDIV_DIV2;
 349              		.loc 1 60 0
 350 001c A022     		movs	r2, #160
 351 001e 9203     		lsls	r2, r2, #14
 352 0020 1692     		str	r2, [sp, #88]
  61:Src/main.c    ****   if (HAL_RCC_OscConfig(&RCC_OscInitStruct) != HAL_OK)
 353              		.loc 1 61 0
 354 0022 1793     		str	r3, [sp, #92]
  62:Src/main.c    ****   {
 355              		.loc 1 62 0
 356 0024 0BA8     		add	r0, sp, #44
 357 0026 FFF7FEFF 		bl	HAL_RCC_OscConfig
 358              	.LVL15:
 359 002a 0028     		cmp	r0, #0
 360 002c 2BD1     		bne	.L22
  69:Src/main.c    ****                               |RCC_CLOCKTYPE_PCLK1;
 361              		.loc 1 69 0
 362 002e 0723     		movs	r3, #7
 363 0030 0793     		str	r3, [sp, #28]
  71:Src/main.c    ****   RCC_ClkInitStruct.AHBCLKDivider = RCC_SYSCLK_DIV1;
 364              		.loc 1 71 0
 365 0032 053B     		subs	r3, r3, #5
 366 0034 0893     		str	r3, [sp, #32]
  72:Src/main.c    ****   RCC_ClkInitStruct.APB1CLKDivider = RCC_HCLK_DIV1;
 367              		.loc 1 72 0
 368 0036 0023     		movs	r3, #0
 369 0038 0993     		str	r3, [sp, #36]
  73:Src/main.c    **** 
 370              		.loc 1 73 0
 371 003a 0A93     		str	r3, [sp, #40]
  75:Src/main.c    ****   {
 372              		.loc 1 75 0
 373 003c 0121     		movs	r1, #1
 374 003e 07A8     		add	r0, sp, #28
 375 0040 FFF7FEFF 		bl	HAL_RCC_ClockConfig
 376              	.LVL16:
 377 0044 0028     		cmp	r0, #0
 378 0046 22D1     		bne	.L23
  80:Src/main.c    ****   PeriphClkInit.Usart2ClockSelection = RCC_USART2CLKSOURCE_PCLK1;
 379              		.loc 1 80 0
 380 0048 154B     		ldr	r3, .L25
 381 004a 0093     		str	r3, [sp]
  81:Src/main.c    ****   PeriphClkInit.RTCClockSelection = RCC_RTCCLKSOURCE_LSI;
 382              		.loc 1 81 0
 383 004c 0023     		movs	r3, #0
 384 004e 0393     		str	r3, [sp, #12]
  82:Src/main.c    ****   if (HAL_RCCEx_PeriphCLKConfig(&PeriphClkInit) != HAL_OK)
ARM GAS  C:\Users\Raj\AppData\Local\Temp\ccLoqBPe.s 			page 12


 385              		.loc 1 82 0
 386 0050 8023     		movs	r3, #128
 387 0052 9B00     		lsls	r3, r3, #2
 388 0054 0193     		str	r3, [sp, #4]
  83:Src/main.c    ****   {
 389              		.loc 1 83 0
 390 0056 6846     		mov	r0, sp
 391 0058 FFF7FEFF 		bl	HAL_RCCEx_PeriphCLKConfig
 392              	.LVL17:
 393 005c 0028     		cmp	r0, #0
 394 005e 1AD1     		bne	.L24
  90:Src/main.c    **** 
 395              		.loc 1 90 0
 396 0060 FFF7FEFF 		bl	HAL_RCC_GetHCLKFreq
 397              	.LVL18:
 398 0064 FA21     		movs	r1, #250
 399 0066 8900     		lsls	r1, r1, #2
 400 0068 FFF7FEFF 		bl	__aeabi_uidiv
 401              	.LVL19:
 402 006c FFF7FEFF 		bl	HAL_SYSTICK_Config
 403              	.LVL20:
  94:Src/main.c    **** 
 404              		.loc 1 94 0
 405 0070 0420     		movs	r0, #4
 406 0072 FFF7FEFF 		bl	HAL_SYSTICK_CLKSourceConfig
 407              	.LVL21:
  97:Src/main.c    **** }
 408              		.loc 1 97 0
 409 0076 0022     		movs	r2, #0
 410 0078 0321     		movs	r1, #3
 411 007a 0120     		movs	r0, #1
 412 007c 4042     		rsbs	r0, r0, #0
 413 007e FFF7FEFF 		bl	HAL_NVIC_SetPriority
 414              	.LVL22:
  98:Src/main.c    **** 
 415              		.loc 1 98 0
 416 0082 19B0     		add	sp, sp, #100
 417              		@ sp needed
 418 0084 00BD     		pop	{pc}
 419              	.L22:
  64:Src/main.c    ****   }
 420              		.loc 1 64 0
 421 0086 4021     		movs	r1, #64
 422 0088 0648     		ldr	r0, .L25+4
 423 008a FFF7FEFF 		bl	_Error_Handler
 424              	.LVL23:
 425              	.L23:
  77:Src/main.c    ****   }
 426              		.loc 1 77 0
 427 008e 4D21     		movs	r1, #77
 428 0090 0448     		ldr	r0, .L25+4
 429 0092 FFF7FEFF 		bl	_Error_Handler
 430              	.LVL24:
 431              	.L24:
  85:Src/main.c    ****   }
 432              		.loc 1 85 0
 433 0096 5521     		movs	r1, #85
ARM GAS  C:\Users\Raj\AppData\Local\Temp\ccLoqBPe.s 			page 13


 434 0098 0248     		ldr	r0, .L25+4
 435 009a FFF7FEFF 		bl	_Error_Handler
 436              	.LVL25:
 437              	.L26:
 438 009e C046     		.align	2
 439              	.L25:
 440 00a0 02000100 		.word	65538
 441 00a4 00000000 		.word	.LC3
 442              		.cfi_endproc
 443              	.LFE36:
 445              		.section	.text.main,"ax",%progbits
 446              		.align	1
 447              		.global	main
 448              		.syntax unified
 449              		.code	16
 450              		.thumb_func
 451              		.fpu softvfp
 453              	main:
 454              	.LFB35:
  16:Src/main.c    ****   HAL_Init();
 455              		.loc 1 16 0
 456              		.cfi_startproc
 457              		@ Volatile: function does not return.
 458              		@ args = 0, pretend = 0, frame = 24
 459              		@ frame_needed = 0, uses_anonymous_args = 0
 460 0000 30B5     		push	{r4, r5, lr}
 461              	.LCFI7:
 462              		.cfi_def_cfa_offset 12
 463              		.cfi_offset 4, -12
 464              		.cfi_offset 5, -8
 465              		.cfi_offset 14, -4
 466 0002 87B0     		sub	sp, sp, #28
 467              	.LCFI8:
 468              		.cfi_def_cfa_offset 40
  17:Src/main.c    **** 
 469              		.loc 1 17 0
 470 0004 FFF7FEFF 		bl	HAL_Init
 471              	.LVL26:
  20:Src/main.c    **** 
 472              		.loc 1 20 0
 473 0008 FFF7FEFF 		bl	SystemClock_Config
 474              	.LVL27:
  22:Src/main.c    ****   MX_USART2_UART_Init();
 475              		.loc 1 22 0
 476 000c FFF7FEFF 		bl	MX_GPIO_Init
 477              	.LVL28:
  23:Src/main.c    ****   MX_RTC_Init();
 478              		.loc 1 23 0
 479 0010 FFF7FEFF 		bl	MX_USART2_UART_Init
 480              	.LVL29:
  24:Src/main.c    **** 
 481              		.loc 1 24 0
 482 0014 FFF7FEFF 		bl	MX_RTC_Init
 483              	.LVL30:
  26:Src/main.c    **** 
 484              		.loc 1 26 0
 485 0018 FFF7FEFF 		bl	Test_UART
ARM GAS  C:\Users\Raj\AppData\Local\Temp\ccLoqBPe.s 			page 14


 486              	.LVL31:
  28:Src/main.c    **** 
 487              		.loc 1 28 0
 488 001c 0948     		ldr	r0, .L29
 489 001e FFF7FEFF 		bl	puts
 490              	.LVL32:
  30:Src/main.c    ****   defaultTaskHandle = osThreadCreate(osThread(defaultTask), NULL);
 491              		.loc 1 30 0
 492 0022 01A8     		add	r0, sp, #4
 493 0024 0849     		ldr	r1, .L29+4
 494 0026 0300     		movs	r3, r0
 495 0028 0A00     		movs	r2, r1
 496 002a 32CA     		ldmia	r2!, {r1, r4, r5}
 497 002c 32C3     		stmia	r3!, {r1, r4, r5}
 498 002e 12CA     		ldmia	r2!, {r1, r4}
 499 0030 12C3     		stmia	r3!, {r1, r4}
  31:Src/main.c    **** 
 500              		.loc 1 31 0
 501 0032 0021     		movs	r1, #0
 502 0034 FFF7FEFF 		bl	osThreadCreate
 503              	.LVL33:
 504 0038 044B     		ldr	r3, .L29+8
 505 003a 1860     		str	r0, [r3]
  34:Src/main.c    **** 
 506              		.loc 1 34 0
 507 003c FFF7FEFF 		bl	osKernelStart
 508              	.LVL34:
 509              	.L28:
 510 0040 FEE7     		b	.L28
 511              	.L30:
 512 0042 C046     		.align	2
 513              	.L29:
 514 0044 00000000 		.word	.LC6
 515 0048 00000000 		.word	.LANCHOR0
 516 004c 00000000 		.word	defaultTaskHandle
 517              		.cfi_endproc
 518              	.LFE35:
 520              		.comm	defaultTaskHandle,4,4
 521              		.comm	hrtc,32,4
 522              		.comm	huart2,112,4
 523              		.section	.rodata
 524              		.align	2
 525              		.set	.LANCHOR0,. + 0
 526              	.LC8:
 527 0000 00000000 		.word	.LC0
 528 0004 00000000 		.word	StartDefaultTask
 529 0008 0000     		.short	0
 530 000a 0000     		.space	2
 531 000c 00000000 		.word	0
 532 0010 80000000 		.word	128
 533              		.section	.rodata.MX_RTC_Init.str1.4,"aMS",%progbits,1
 534              		.align	2
 535              	.LC3:
 536 0000 5372632F 		.ascii	"Src/main.c\000"
 536      6D61696E 
 536      2E6300
 537              		.section	.rodata.main.str1.4,"aMS",%progbits,1
ARM GAS  C:\Users\Raj\AppData\Local\Temp\ccLoqBPe.s 			page 15


 538              		.align	2
 539              	.LC6:
 540 0000 54657374 		.ascii	"Test Print \000"
 540      20507269 
 540      6E742000 
 541              		.section	.rodata.str1.4,"aMS",%progbits,1
 542              		.align	2
 543              	.LC0:
 544 0000 64656661 		.ascii	"defaultTask\000"
 544      756C7454 
 544      61736B00 
 545              		.text
 546              	.Letext0:
 547              		.file 2 "c:\\program files (x86)\\gnu tools arm embedded\\6 2017-q1-update\\arm-none-eabi\\include
 548              		.file 3 "c:\\program files (x86)\\gnu tools arm embedded\\6 2017-q1-update\\arm-none-eabi\\include
 549              		.file 4 "Drivers/CMSIS/Device/ST/STM32F0xx/Include/system_stm32f0xx.h"
 550              		.file 5 "Drivers/CMSIS/Device/ST/STM32F0xx/Include/stm32f072xb.h"
 551              		.file 6 "c:\\program files (x86)\\gnu tools arm embedded\\6 2017-q1-update\\arm-none-eabi\\include
 552              		.file 7 "c:\\program files (x86)\\gnu tools arm embedded\\6 2017-q1-update\\arm-none-eabi\\include
 553              		.file 8 "c:\\program files (x86)\\gnu tools arm embedded\\6 2017-q1-update\\lib\\gcc\\arm-none-eab
 554              		.file 9 "c:\\program files (x86)\\gnu tools arm embedded\\6 2017-q1-update\\arm-none-eabi\\include
 555              		.file 10 "Drivers/STM32F0xx_HAL_Driver/Inc/stm32f0xx_hal_def.h"
 556              		.file 11 "Drivers/STM32F0xx_HAL_Driver/Inc/stm32f0xx_hal_rcc.h"
 557              		.file 12 "Drivers/STM32F0xx_HAL_Driver/Inc/stm32f0xx_hal_rcc_ex.h"
 558              		.file 13 "Drivers/STM32F0xx_HAL_Driver/Inc/stm32f0xx_hal_gpio.h"
 559              		.file 14 "Drivers/STM32F0xx_HAL_Driver/Inc/stm32f0xx_hal_dma.h"
 560              		.file 15 "Drivers/STM32F0xx_HAL_Driver/Inc/stm32f0xx_hal_rtc.h"
 561              		.file 16 "Drivers/STM32F0xx_HAL_Driver/Inc/stm32f0xx_hal_uart.h"
 562              		.file 17 "Middlewares/Third_Party/FreeRTOS/Source/include/task.h"
 563              		.file 18 "Middlewares/Third_Party/FreeRTOS/Source/CMSIS_RTOS/cmsis_os.h"
 564              		.file 19 "Inc/uart.h"
 565              		.file 20 "Drivers/STM32F0xx_HAL_Driver/Inc/stm32f0xx_hal_rtc_ex.h"
 566              		.file 21 "Drivers/STM32F0xx_HAL_Driver/Inc/stm32f0xx_hal_cortex.h"
 567              		.file 22 "Drivers/STM32F0xx_HAL_Driver/Inc/stm32f0xx_hal.h"
 568              		.file 23 "<built-in>"
ARM GAS  C:\Users\Raj\AppData\Local\Temp\ccLoqBPe.s 			page 16


DEFINED SYMBOLS
                            *ABS*:00000000 main.c
C:\Users\Raj\AppData\Local\Temp\ccLoqBPe.s:16     .text.MX_GPIO_Init:00000000 $t
C:\Users\Raj\AppData\Local\Temp\ccLoqBPe.s:22     .text.MX_GPIO_Init:00000000 MX_GPIO_Init
C:\Users\Raj\AppData\Local\Temp\ccLoqBPe.s:120    .text.MX_GPIO_Init:00000078 $d
C:\Users\Raj\AppData\Local\Temp\ccLoqBPe.s:127    .text.StartDefaultTask:00000000 $t
C:\Users\Raj\AppData\Local\Temp\ccLoqBPe.s:134    .text.StartDefaultTask:00000000 StartDefaultTask
C:\Users\Raj\AppData\Local\Temp\ccLoqBPe.s:158    .text._Error_Handler:00000000 $t
C:\Users\Raj\AppData\Local\Temp\ccLoqBPe.s:165    .text._Error_Handler:00000000 _Error_Handler
C:\Users\Raj\AppData\Local\Temp\ccLoqBPe.s:180    .text.MX_RTC_Init:00000000 $t
C:\Users\Raj\AppData\Local\Temp\ccLoqBPe.s:186    .text.MX_RTC_Init:00000000 MX_RTC_Init
C:\Users\Raj\AppData\Local\Temp\ccLoqBPe.s:302    .text.MX_RTC_Init:00000090 $d
                            *COM*:00000020 hrtc
C:\Users\Raj\AppData\Local\Temp\ccLoqBPe.s:311    .text.SystemClock_Config:00000000 $t
C:\Users\Raj\AppData\Local\Temp\ccLoqBPe.s:318    .text.SystemClock_Config:00000000 SystemClock_Config
C:\Users\Raj\AppData\Local\Temp\ccLoqBPe.s:440    .text.SystemClock_Config:000000a0 $d
C:\Users\Raj\AppData\Local\Temp\ccLoqBPe.s:446    .text.main:00000000 $t
C:\Users\Raj\AppData\Local\Temp\ccLoqBPe.s:453    .text.main:00000000 main
C:\Users\Raj\AppData\Local\Temp\ccLoqBPe.s:514    .text.main:00000044 $d
                            *COM*:00000004 defaultTaskHandle
                            *COM*:00000070 huart2
C:\Users\Raj\AppData\Local\Temp\ccLoqBPe.s:524    .rodata:00000000 $d
C:\Users\Raj\AppData\Local\Temp\ccLoqBPe.s:534    .rodata.MX_RTC_Init.str1.4:00000000 $d
C:\Users\Raj\AppData\Local\Temp\ccLoqBPe.s:538    .rodata.main.str1.4:00000000 $d
C:\Users\Raj\AppData\Local\Temp\ccLoqBPe.s:542    .rodata.str1.4:00000000 $d
                     .debug_frame:00000010 $d

UNDEFINED SYMBOLS
HAL_GPIO_WritePin
HAL_GPIO_Init
osDelay
HAL_RTC_Init
HAL_RTC_SetTime
HAL_RTC_SetDate
HAL_RTCEx_BKUPRead
HAL_RTCEx_BKUPWrite
__aeabi_uidiv
HAL_RCC_OscConfig
HAL_RCC_ClockConfig
HAL_RCCEx_PeriphCLKConfig
HAL_RCC_GetHCLKFreq
HAL_SYSTICK_Config
HAL_SYSTICK_CLKSourceConfig
HAL_NVIC_SetPriority
HAL_Init
MX_USART2_UART_Init
Test_UART
puts
osThreadCreate
osKernelStart
