ARM GAS  C:\Users\Raj\AppData\Local\Temp\ccgao4Gj.s 			page 1


   1              		.cpu cortex-m0
   2              		.eabi_attribute 20, 1
   3              		.eabi_attribute 21, 1
   4              		.eabi_attribute 23, 3
   5              		.eabi_attribute 24, 1
   6              		.eabi_attribute 25, 1
   7              		.eabi_attribute 26, 1
   8              		.eabi_attribute 30, 1
   9              		.eabi_attribute 34, 0
  10              		.eabi_attribute 18, 4
  11              		.file	"stm32f0xx_it.c"
  12              		.text
  13              	.Ltext0:
  14              		.cfi_sections	.debug_frame
  15              		.section	.text.SysTick_Handler,"ax",%progbits
  16              		.align	1
  17              		.global	SysTick_Handler
  18              		.syntax unified
  19              		.code	16
  20              		.thumb_func
  21              		.fpu softvfp
  23              	SysTick_Handler:
  24              	.LFB35:
  25              		.file 1 "Src/stm32f0xx_it.c"
   1:Src/stm32f0xx_it.c **** /**
   2:Src/stm32f0xx_it.c ****   ******************************************************************************
   3:Src/stm32f0xx_it.c ****   * @file    stm32f0xx_it.c
   4:Src/stm32f0xx_it.c ****   * @brief   Interrupt Service Routines.
   5:Src/stm32f0xx_it.c ****   ******************************************************************************
   6:Src/stm32f0xx_it.c ****   *
   7:Src/stm32f0xx_it.c ****   * COPYRIGHT(c) 2017 STMicroelectronics
   8:Src/stm32f0xx_it.c ****   *
   9:Src/stm32f0xx_it.c ****   * Redistribution and use in source and binary forms, with or without modification,
  10:Src/stm32f0xx_it.c ****   * are permitted provided that the following conditions are met:
  11:Src/stm32f0xx_it.c ****   *   1. Redistributions of source code must retain the above copyright notice,
  12:Src/stm32f0xx_it.c ****   *      this list of conditions and the following disclaimer.
  13:Src/stm32f0xx_it.c ****   *   2. Redistributions in binary form must reproduce the above copyright notice,
  14:Src/stm32f0xx_it.c ****   *      this list of conditions and the following disclaimer in the documentation
  15:Src/stm32f0xx_it.c ****   *      and/or other materials provided with the distribution.
  16:Src/stm32f0xx_it.c ****   *   3. Neither the name of STMicroelectronics nor the names of its contributors
  17:Src/stm32f0xx_it.c ****   *      may be used to endorse or promote products derived from this software
  18:Src/stm32f0xx_it.c ****   *      without specific prior written permission.
  19:Src/stm32f0xx_it.c ****   *
  20:Src/stm32f0xx_it.c ****   * THIS SOFTWARE IS PROVIDED BY THE COPYRIGHT HOLDERS AND CONTRIBUTORS "AS IS"
  21:Src/stm32f0xx_it.c ****   * AND ANY EXPRESS OR IMPLIED WARRANTIES, INCLUDING, BUT NOT LIMITED TO, THE
  22:Src/stm32f0xx_it.c ****   * IMPLIED WARRANTIES OF MERCHANTABILITY AND FITNESS FOR A PARTICULAR PURPOSE ARE
  23:Src/stm32f0xx_it.c ****   * DISCLAIMED. IN NO EVENT SHALL THE COPYRIGHT HOLDER OR CONTRIBUTORS BE LIABLE
  24:Src/stm32f0xx_it.c ****   * FOR ANY DIRECT, INDIRECT, INCIDENTAL, SPECIAL, EXEMPLARY, OR CONSEQUENTIAL
  25:Src/stm32f0xx_it.c ****   * DAMAGES (INCLUDING, BUT NOT LIMITED TO, PROCUREMENT OF SUBSTITUTE GOODS OR
  26:Src/stm32f0xx_it.c ****   * SERVICES; LOSS OF USE, DATA, OR PROFITS; OR BUSINESS INTERRUPTION) HOWEVER
  27:Src/stm32f0xx_it.c ****   * CAUSED AND ON ANY THEORY OF LIABILITY, WHETHER IN CONTRACT, STRICT LIABILITY,
  28:Src/stm32f0xx_it.c ****   * OR TORT (INCLUDING NEGLIGENCE OR OTHERWISE) ARISING IN ANY WAY OUT OF THE USE
  29:Src/stm32f0xx_it.c ****   * OF THIS SOFTWARE, EVEN IF ADVISED OF THE POSSIBILITY OF SUCH DAMAGE.
  30:Src/stm32f0xx_it.c ****   *
  31:Src/stm32f0xx_it.c ****   ******************************************************************************
  32:Src/stm32f0xx_it.c ****   */
  33:Src/stm32f0xx_it.c **** /* Includes ------------------------------------------------------------------*/
ARM GAS  C:\Users\Raj\AppData\Local\Temp\ccgao4Gj.s 			page 2


  34:Src/stm32f0xx_it.c **** #include "stm32f0xx_hal.h"
  35:Src/stm32f0xx_it.c **** #include "stm32f0xx.h"
  36:Src/stm32f0xx_it.c **** #include "stm32f0xx_it.h"
  37:Src/stm32f0xx_it.c **** #include "cmsis_os.h"
  38:Src/stm32f0xx_it.c **** 
  39:Src/stm32f0xx_it.c **** /* USER CODE BEGIN 0 */
  40:Src/stm32f0xx_it.c **** 
  41:Src/stm32f0xx_it.c **** /* USER CODE END 0 */
  42:Src/stm32f0xx_it.c **** 
  43:Src/stm32f0xx_it.c **** /* External variables --------------------------------------------------------*/
  44:Src/stm32f0xx_it.c **** 
  45:Src/stm32f0xx_it.c **** /******************************************************************************/
  46:Src/stm32f0xx_it.c **** /*            Cortex-M0 Processor Interruption and Exception Handlers         */ 
  47:Src/stm32f0xx_it.c **** /******************************************************************************/
  48:Src/stm32f0xx_it.c **** 
  49:Src/stm32f0xx_it.c **** /**
  50:Src/stm32f0xx_it.c **** * @brief This function handles System tick timer.
  51:Src/stm32f0xx_it.c **** */
  52:Src/stm32f0xx_it.c **** void SysTick_Handler(void)
  53:Src/stm32f0xx_it.c **** {
  26              		.loc 1 53 0
  27              		.cfi_startproc
  28              		@ args = 0, pretend = 0, frame = 0
  29              		@ frame_needed = 0, uses_anonymous_args = 0
  30 0000 10B5     		push	{r4, lr}
  31              	.LCFI0:
  32              		.cfi_def_cfa_offset 8
  33              		.cfi_offset 4, -8
  34              		.cfi_offset 14, -4
  54:Src/stm32f0xx_it.c ****   /* USER CODE BEGIN SysTick_IRQn 0 */
  55:Src/stm32f0xx_it.c **** 
  56:Src/stm32f0xx_it.c ****   /* USER CODE END SysTick_IRQn 0 */
  57:Src/stm32f0xx_it.c ****   HAL_IncTick();
  35              		.loc 1 57 0
  36 0002 FFF7FEFF 		bl	HAL_IncTick
  37              	.LVL0:
  58:Src/stm32f0xx_it.c ****   osSystickHandler();
  38              		.loc 1 58 0
  39 0006 FFF7FEFF 		bl	osSystickHandler
  40              	.LVL1:
  59:Src/stm32f0xx_it.c ****   /* USER CODE BEGIN SysTick_IRQn 1 */
  60:Src/stm32f0xx_it.c **** 
  61:Src/stm32f0xx_it.c ****   /* USER CODE END SysTick_IRQn 1 */
  62:Src/stm32f0xx_it.c **** }
  41              		.loc 1 62 0
  42              		@ sp needed
  43 000a 10BD     		pop	{r4, pc}
  44              		.cfi_endproc
  45              	.LFE35:
  47              		.text
  48              	.Letext0:
  49              		.file 2 "c:\\program files (x86)\\gnu tools arm embedded\\6 2017-q1-update\\arm-none-eabi\\include
  50              		.file 3 "c:\\program files (x86)\\gnu tools arm embedded\\6 2017-q1-update\\arm-none-eabi\\include
  51              		.file 4 "Drivers/CMSIS/Device/ST/STM32F0xx/Include/system_stm32f0xx.h"
  52              		.file 5 "c:\\program files (x86)\\gnu tools arm embedded\\6 2017-q1-update\\arm-none-eabi\\include
  53              		.file 6 "c:\\program files (x86)\\gnu tools arm embedded\\6 2017-q1-update\\arm-none-eabi\\include
  54              		.file 7 "c:\\program files (x86)\\gnu tools arm embedded\\6 2017-q1-update\\lib\\gcc\\arm-none-eab
ARM GAS  C:\Users\Raj\AppData\Local\Temp\ccgao4Gj.s 			page 3


  55              		.file 8 "c:\\program files (x86)\\gnu tools arm embedded\\6 2017-q1-update\\arm-none-eabi\\include
  56              		.file 9 "Drivers/STM32F0xx_HAL_Driver/Inc/stm32f0xx_hal.h"
  57              		.file 10 "Middlewares/Third_Party/FreeRTOS/Source/CMSIS_RTOS/cmsis_os.h"
ARM GAS  C:\Users\Raj\AppData\Local\Temp\ccgao4Gj.s 			page 4


DEFINED SYMBOLS
                            *ABS*:00000000 stm32f0xx_it.c
C:\Users\Raj\AppData\Local\Temp\ccgao4Gj.s:16     .text.SysTick_Handler:00000000 $t
C:\Users\Raj\AppData\Local\Temp\ccgao4Gj.s:23     .text.SysTick_Handler:00000000 SysTick_Handler
                     .debug_frame:00000010 $d

UNDEFINED SYMBOLS
HAL_IncTick
osSystickHandler
