ARM GAS  C:\Users\Raj\AppData\Local\Temp\cc9aQnxO.s 			page 1


   1              		.cpu cortex-m0
   2              		.eabi_attribute 20, 1
   3              		.eabi_attribute 21, 1
   4              		.eabi_attribute 23, 3
   5              		.eabi_attribute 24, 1
   6              		.eabi_attribute 25, 1
   7              		.eabi_attribute 26, 1
   8              		.eabi_attribute 30, 1
   9              		.eabi_attribute 34, 0
  10              		.eabi_attribute 18, 4
  11              		.file	"stm32f0xx_hal_msp.c"
  12              		.text
  13              	.Ltext0:
  14              		.cfi_sections	.debug_frame
  15              		.section	.text.HAL_MspInit,"ax",%progbits
  16              		.align	1
  17              		.global	HAL_MspInit
  18              		.syntax unified
  19              		.code	16
  20              		.thumb_func
  21              		.fpu softvfp
  23              	HAL_MspInit:
  24              	.LFB35:
  25              		.file 1 "Src/stm32f0xx_hal_msp.c"
   1:Src/stm32f0xx_hal_msp.c **** /**
   2:Src/stm32f0xx_hal_msp.c ****   ******************************************************************************
   3:Src/stm32f0xx_hal_msp.c ****   * File Name          : stm32f0xx_hal_msp.c
   4:Src/stm32f0xx_hal_msp.c ****   * Description        : This file provides code for the MSP Initialization 
   5:Src/stm32f0xx_hal_msp.c ****   *                      and de-Initialization codes.
   6:Src/stm32f0xx_hal_msp.c ****   ******************************************************************************
   7:Src/stm32f0xx_hal_msp.c ****   * This notice applies to any and all portions of this file
   8:Src/stm32f0xx_hal_msp.c ****   * that are not between comment pairs USER CODE BEGIN and
   9:Src/stm32f0xx_hal_msp.c ****   * USER CODE END. Other portions of this file, whether 
  10:Src/stm32f0xx_hal_msp.c ****   * inserted by the user or by software development tools
  11:Src/stm32f0xx_hal_msp.c ****   * are owned by their respective copyright owners.
  12:Src/stm32f0xx_hal_msp.c ****   *
  13:Src/stm32f0xx_hal_msp.c ****   * Copyright (c) 2017 STMicroelectronics International N.V. 
  14:Src/stm32f0xx_hal_msp.c ****   * All rights reserved.
  15:Src/stm32f0xx_hal_msp.c ****   *
  16:Src/stm32f0xx_hal_msp.c ****   * Redistribution and use in source and binary forms, with or without 
  17:Src/stm32f0xx_hal_msp.c ****   * modification, are permitted, provided that the following conditions are met:
  18:Src/stm32f0xx_hal_msp.c ****   *
  19:Src/stm32f0xx_hal_msp.c ****   * 1. Redistribution of source code must retain the above copyright notice, 
  20:Src/stm32f0xx_hal_msp.c ****   *    this list of conditions and the following disclaimer.
  21:Src/stm32f0xx_hal_msp.c ****   * 2. Redistributions in binary form must reproduce the above copyright notice,
  22:Src/stm32f0xx_hal_msp.c ****   *    this list of conditions and the following disclaimer in the documentation
  23:Src/stm32f0xx_hal_msp.c ****   *    and/or other materials provided with the distribution.
  24:Src/stm32f0xx_hal_msp.c ****   * 3. Neither the name of STMicroelectronics nor the names of other 
  25:Src/stm32f0xx_hal_msp.c ****   *    contributors to this software may be used to endorse or promote products 
  26:Src/stm32f0xx_hal_msp.c ****   *    derived from this software without specific written permission.
  27:Src/stm32f0xx_hal_msp.c ****   * 4. This software, including modifications and/or derivative works of this 
  28:Src/stm32f0xx_hal_msp.c ****   *    software, must execute solely and exclusively on microcontroller or
  29:Src/stm32f0xx_hal_msp.c ****   *    microprocessor devices manufactured by or for STMicroelectronics.
  30:Src/stm32f0xx_hal_msp.c ****   * 5. Redistribution and use of this software other than as permitted under 
  31:Src/stm32f0xx_hal_msp.c ****   *    this license is void and will automatically terminate your rights under 
  32:Src/stm32f0xx_hal_msp.c ****   *    this license. 
  33:Src/stm32f0xx_hal_msp.c ****   *
ARM GAS  C:\Users\Raj\AppData\Local\Temp\cc9aQnxO.s 			page 2


  34:Src/stm32f0xx_hal_msp.c ****   * THIS SOFTWARE IS PROVIDED BY STMICROELECTRONICS AND CONTRIBUTORS "AS IS" 
  35:Src/stm32f0xx_hal_msp.c ****   * AND ANY EXPRESS, IMPLIED OR STATUTORY WARRANTIES, INCLUDING, BUT NOT 
  36:Src/stm32f0xx_hal_msp.c ****   * LIMITED TO, THE IMPLIED WARRANTIES OF MERCHANTABILITY, FITNESS FOR A 
  37:Src/stm32f0xx_hal_msp.c ****   * PARTICULAR PURPOSE AND NON-INFRINGEMENT OF THIRD PARTY INTELLECTUAL PROPERTY
  38:Src/stm32f0xx_hal_msp.c ****   * RIGHTS ARE DISCLAIMED TO THE FULLEST EXTENT PERMITTED BY LAW. IN NO EVENT 
  39:Src/stm32f0xx_hal_msp.c ****   * SHALL STMICROELECTRONICS OR CONTRIBUTORS BE LIABLE FOR ANY DIRECT, INDIRECT,
  40:Src/stm32f0xx_hal_msp.c ****   * INCIDENTAL, SPECIAL, EXEMPLARY, OR CONSEQUENTIAL DAMAGES (INCLUDING, BUT NOT
  41:Src/stm32f0xx_hal_msp.c ****   * LIMITED TO, PROCUREMENT OF SUBSTITUTE GOODS OR SERVICES; LOSS OF USE, DATA, 
  42:Src/stm32f0xx_hal_msp.c ****   * OR PROFITS; OR BUSINESS INTERRUPTION) HOWEVER CAUSED AND ON ANY THEORY OF 
  43:Src/stm32f0xx_hal_msp.c ****   * LIABILITY, WHETHER IN CONTRACT, STRICT LIABILITY, OR TORT (INCLUDING 
  44:Src/stm32f0xx_hal_msp.c ****   * NEGLIGENCE OR OTHERWISE) ARISING IN ANY WAY OUT OF THE USE OF THIS SOFTWARE,
  45:Src/stm32f0xx_hal_msp.c ****   * EVEN IF ADVISED OF THE POSSIBILITY OF SUCH DAMAGE.
  46:Src/stm32f0xx_hal_msp.c ****   *
  47:Src/stm32f0xx_hal_msp.c ****   ******************************************************************************
  48:Src/stm32f0xx_hal_msp.c ****   */
  49:Src/stm32f0xx_hal_msp.c **** /* Includes ------------------------------------------------------------------*/
  50:Src/stm32f0xx_hal_msp.c **** #include "stm32f0xx_hal.h"
  51:Src/stm32f0xx_hal_msp.c **** 
  52:Src/stm32f0xx_hal_msp.c **** extern void _Error_Handler(char *, int);
  53:Src/stm32f0xx_hal_msp.c **** /* USER CODE BEGIN 0 */
  54:Src/stm32f0xx_hal_msp.c **** 
  55:Src/stm32f0xx_hal_msp.c **** /* USER CODE END 0 */
  56:Src/stm32f0xx_hal_msp.c **** /**
  57:Src/stm32f0xx_hal_msp.c ****   * Initializes the Global MSP.
  58:Src/stm32f0xx_hal_msp.c ****   */
  59:Src/stm32f0xx_hal_msp.c **** void HAL_MspInit(void)
  60:Src/stm32f0xx_hal_msp.c **** {
  26              		.loc 1 60 0
  27              		.cfi_startproc
  28              		@ args = 0, pretend = 0, frame = 8
  29              		@ frame_needed = 0, uses_anonymous_args = 0
  30 0000 00B5     		push	{lr}
  31              	.LCFI0:
  32              		.cfi_def_cfa_offset 4
  33              		.cfi_offset 14, -4
  34 0002 83B0     		sub	sp, sp, #12
  35              	.LCFI1:
  36              		.cfi_def_cfa_offset 16
  37              	.LBB2:
  61:Src/stm32f0xx_hal_msp.c ****   /* USER CODE BEGIN MspInit 0 */
  62:Src/stm32f0xx_hal_msp.c **** 
  63:Src/stm32f0xx_hal_msp.c ****   /* USER CODE END MspInit 0 */
  64:Src/stm32f0xx_hal_msp.c **** 
  65:Src/stm32f0xx_hal_msp.c ****   __HAL_RCC_SYSCFG_CLK_ENABLE();
  38              		.loc 1 65 0
  39 0004 0E4A     		ldr	r2, .L2
  40 0006 9169     		ldr	r1, [r2, #24]
  41 0008 0123     		movs	r3, #1
  42 000a 1943     		orrs	r1, r3
  43 000c 9161     		str	r1, [r2, #24]
  44 000e 9269     		ldr	r2, [r2, #24]
  45 0010 1340     		ands	r3, r2
  46 0012 0193     		str	r3, [sp, #4]
  47 0014 019B     		ldr	r3, [sp, #4]
  48              	.LBE2:
  66:Src/stm32f0xx_hal_msp.c **** 
  67:Src/stm32f0xx_hal_msp.c ****   /* System interrupt init*/
ARM GAS  C:\Users\Raj\AppData\Local\Temp\cc9aQnxO.s 			page 3


  68:Src/stm32f0xx_hal_msp.c ****   /* SVC_IRQn interrupt configuration */
  69:Src/stm32f0xx_hal_msp.c ****   HAL_NVIC_SetPriority(SVC_IRQn, 0, 0);
  49              		.loc 1 69 0
  50 0016 0022     		movs	r2, #0
  51 0018 0021     		movs	r1, #0
  52 001a 0520     		movs	r0, #5
  53 001c 4042     		rsbs	r0, r0, #0
  54 001e FFF7FEFF 		bl	HAL_NVIC_SetPriority
  55              	.LVL0:
  70:Src/stm32f0xx_hal_msp.c ****   /* PendSV_IRQn interrupt configuration */
  71:Src/stm32f0xx_hal_msp.c ****   HAL_NVIC_SetPriority(PendSV_IRQn, 3, 0);
  56              		.loc 1 71 0
  57 0022 0022     		movs	r2, #0
  58 0024 0321     		movs	r1, #3
  59 0026 0220     		movs	r0, #2
  60 0028 4042     		rsbs	r0, r0, #0
  61 002a FFF7FEFF 		bl	HAL_NVIC_SetPriority
  62              	.LVL1:
  72:Src/stm32f0xx_hal_msp.c ****   /* SysTick_IRQn interrupt configuration */
  73:Src/stm32f0xx_hal_msp.c ****   HAL_NVIC_SetPriority(SysTick_IRQn, 3, 0);
  63              		.loc 1 73 0
  64 002e 0022     		movs	r2, #0
  65 0030 0321     		movs	r1, #3
  66 0032 0120     		movs	r0, #1
  67 0034 4042     		rsbs	r0, r0, #0
  68 0036 FFF7FEFF 		bl	HAL_NVIC_SetPriority
  69              	.LVL2:
  74:Src/stm32f0xx_hal_msp.c **** 
  75:Src/stm32f0xx_hal_msp.c ****   /* USER CODE BEGIN MspInit 1 */
  76:Src/stm32f0xx_hal_msp.c **** 
  77:Src/stm32f0xx_hal_msp.c ****   /* USER CODE END MspInit 1 */
  78:Src/stm32f0xx_hal_msp.c **** }
  70              		.loc 1 78 0
  71 003a 03B0     		add	sp, sp, #12
  72              		@ sp needed
  73 003c 00BD     		pop	{pc}
  74              	.L3:
  75 003e C046     		.align	2
  76              	.L2:
  77 0040 00100240 		.word	1073876992
  78              		.cfi_endproc
  79              	.LFE35:
  81              		.section	.text.HAL_RTC_MspInit,"ax",%progbits
  82              		.align	1
  83              		.global	HAL_RTC_MspInit
  84              		.syntax unified
  85              		.code	16
  86              		.thumb_func
  87              		.fpu softvfp
  89              	HAL_RTC_MspInit:
  90              	.LFB36:
  79:Src/stm32f0xx_hal_msp.c **** 
  80:Src/stm32f0xx_hal_msp.c **** void HAL_RTC_MspInit(RTC_HandleTypeDef* hrtc)
  81:Src/stm32f0xx_hal_msp.c **** {
  91              		.loc 1 81 0
  92              		.cfi_startproc
  93              		@ args = 0, pretend = 0, frame = 0
ARM GAS  C:\Users\Raj\AppData\Local\Temp\cc9aQnxO.s 			page 4


  94              		@ frame_needed = 0, uses_anonymous_args = 0
  95              		@ link register save eliminated.
  96              	.LVL3:
  82:Src/stm32f0xx_hal_msp.c **** 
  83:Src/stm32f0xx_hal_msp.c ****   if(hrtc->Instance==RTC)
  97              		.loc 1 83 0
  98 0000 0268     		ldr	r2, [r0]
  99 0002 054B     		ldr	r3, .L7
 100 0004 9A42     		cmp	r2, r3
 101 0006 00D0     		beq	.L6
 102              	.L4:
  84:Src/stm32f0xx_hal_msp.c ****   {
  85:Src/stm32f0xx_hal_msp.c ****   /* USER CODE BEGIN RTC_MspInit 0 */
  86:Src/stm32f0xx_hal_msp.c **** 
  87:Src/stm32f0xx_hal_msp.c ****   /* USER CODE END RTC_MspInit 0 */
  88:Src/stm32f0xx_hal_msp.c ****     /* Peripheral clock enable */
  89:Src/stm32f0xx_hal_msp.c ****     __HAL_RCC_RTC_ENABLE();
  90:Src/stm32f0xx_hal_msp.c ****   /* USER CODE BEGIN RTC_MspInit 1 */
  91:Src/stm32f0xx_hal_msp.c **** 
  92:Src/stm32f0xx_hal_msp.c ****   /* USER CODE END RTC_MspInit 1 */
  93:Src/stm32f0xx_hal_msp.c ****   }
  94:Src/stm32f0xx_hal_msp.c **** 
  95:Src/stm32f0xx_hal_msp.c **** }
 103              		.loc 1 95 0
 104              		@ sp needed
 105 0008 7047     		bx	lr
 106              	.L6:
  89:Src/stm32f0xx_hal_msp.c ****   /* USER CODE BEGIN RTC_MspInit 1 */
 107              		.loc 1 89 0
 108 000a 044A     		ldr	r2, .L7+4
 109 000c 116A     		ldr	r1, [r2, #32]
 110 000e 8023     		movs	r3, #128
 111 0010 1B02     		lsls	r3, r3, #8
 112 0012 0B43     		orrs	r3, r1
 113 0014 1362     		str	r3, [r2, #32]
 114              		.loc 1 95 0
 115 0016 F7E7     		b	.L4
 116              	.L8:
 117              		.align	2
 118              	.L7:
 119 0018 00280040 		.word	1073752064
 120 001c 00100240 		.word	1073876992
 121              		.cfi_endproc
 122              	.LFE36:
 124              		.section	.text.HAL_RTC_MspDeInit,"ax",%progbits
 125              		.align	1
 126              		.global	HAL_RTC_MspDeInit
 127              		.syntax unified
 128              		.code	16
 129              		.thumb_func
 130              		.fpu softvfp
 132              	HAL_RTC_MspDeInit:
 133              	.LFB37:
  96:Src/stm32f0xx_hal_msp.c **** 
  97:Src/stm32f0xx_hal_msp.c **** void HAL_RTC_MspDeInit(RTC_HandleTypeDef* hrtc)
  98:Src/stm32f0xx_hal_msp.c **** {
 134              		.loc 1 98 0
ARM GAS  C:\Users\Raj\AppData\Local\Temp\cc9aQnxO.s 			page 5


 135              		.cfi_startproc
 136              		@ args = 0, pretend = 0, frame = 0
 137              		@ frame_needed = 0, uses_anonymous_args = 0
 138              		@ link register save eliminated.
 139              	.LVL4:
  99:Src/stm32f0xx_hal_msp.c **** 
 100:Src/stm32f0xx_hal_msp.c ****   if(hrtc->Instance==RTC)
 140              		.loc 1 100 0
 141 0000 0268     		ldr	r2, [r0]
 142 0002 054B     		ldr	r3, .L12
 143 0004 9A42     		cmp	r2, r3
 144 0006 00D0     		beq	.L11
 145              	.L9:
 101:Src/stm32f0xx_hal_msp.c ****   {
 102:Src/stm32f0xx_hal_msp.c ****   /* USER CODE BEGIN RTC_MspDeInit 0 */
 103:Src/stm32f0xx_hal_msp.c **** 
 104:Src/stm32f0xx_hal_msp.c ****   /* USER CODE END RTC_MspDeInit 0 */
 105:Src/stm32f0xx_hal_msp.c ****     /* Peripheral clock disable */
 106:Src/stm32f0xx_hal_msp.c ****     __HAL_RCC_RTC_DISABLE();
 107:Src/stm32f0xx_hal_msp.c ****   /* USER CODE BEGIN RTC_MspDeInit 1 */
 108:Src/stm32f0xx_hal_msp.c **** 
 109:Src/stm32f0xx_hal_msp.c ****   /* USER CODE END RTC_MspDeInit 1 */
 110:Src/stm32f0xx_hal_msp.c ****   }
 111:Src/stm32f0xx_hal_msp.c **** 
 112:Src/stm32f0xx_hal_msp.c **** }
 146              		.loc 1 112 0
 147              		@ sp needed
 148 0008 7047     		bx	lr
 149              	.L11:
 106:Src/stm32f0xx_hal_msp.c ****   /* USER CODE BEGIN RTC_MspDeInit 1 */
 150              		.loc 1 106 0
 151 000a 044A     		ldr	r2, .L12+4
 152 000c 136A     		ldr	r3, [r2, #32]
 153 000e 0449     		ldr	r1, .L12+8
 154 0010 0B40     		ands	r3, r1
 155 0012 1362     		str	r3, [r2, #32]
 156              		.loc 1 112 0
 157 0014 F8E7     		b	.L9
 158              	.L13:
 159 0016 C046     		.align	2
 160              	.L12:
 161 0018 00280040 		.word	1073752064
 162 001c 00100240 		.word	1073876992
 163 0020 FF7FFFFF 		.word	-32769
 164              		.cfi_endproc
 165              	.LFE37:
 167              		.section	.text.HAL_UART_MspInit,"ax",%progbits
 168              		.align	1
 169              		.global	HAL_UART_MspInit
 170              		.syntax unified
 171              		.code	16
 172              		.thumb_func
 173              		.fpu softvfp
 175              	HAL_UART_MspInit:
 176              	.LFB38:
 113:Src/stm32f0xx_hal_msp.c **** 
 114:Src/stm32f0xx_hal_msp.c **** void HAL_UART_MspInit(UART_HandleTypeDef* huart)
ARM GAS  C:\Users\Raj\AppData\Local\Temp\cc9aQnxO.s 			page 6


 115:Src/stm32f0xx_hal_msp.c **** {
 177              		.loc 1 115 0
 178              		.cfi_startproc
 179              		@ args = 0, pretend = 0, frame = 24
 180              		@ frame_needed = 0, uses_anonymous_args = 0
 181              	.LVL5:
 182 0000 00B5     		push	{lr}
 183              	.LCFI2:
 184              		.cfi_def_cfa_offset 4
 185              		.cfi_offset 14, -4
 186 0002 87B0     		sub	sp, sp, #28
 187              	.LCFI3:
 188              		.cfi_def_cfa_offset 32
 116:Src/stm32f0xx_hal_msp.c **** 
 117:Src/stm32f0xx_hal_msp.c ****   GPIO_InitTypeDef GPIO_InitStruct;
 118:Src/stm32f0xx_hal_msp.c ****   if(huart->Instance==USART2)
 189              		.loc 1 118 0
 190 0004 0268     		ldr	r2, [r0]
 191 0006 0F4B     		ldr	r3, .L17
 192 0008 9A42     		cmp	r2, r3
 193 000a 01D0     		beq	.L16
 194              	.LVL6:
 195              	.L14:
 119:Src/stm32f0xx_hal_msp.c ****   {
 120:Src/stm32f0xx_hal_msp.c ****   /* USER CODE BEGIN USART2_MspInit 0 */
 121:Src/stm32f0xx_hal_msp.c **** 
 122:Src/stm32f0xx_hal_msp.c ****   /* USER CODE END USART2_MspInit 0 */
 123:Src/stm32f0xx_hal_msp.c ****     /* Peripheral clock enable */
 124:Src/stm32f0xx_hal_msp.c ****     __HAL_RCC_USART2_CLK_ENABLE();
 125:Src/stm32f0xx_hal_msp.c ****   
 126:Src/stm32f0xx_hal_msp.c ****     /**USART2 GPIO Configuration    
 127:Src/stm32f0xx_hal_msp.c ****     PA2     ------> USART2_TX
 128:Src/stm32f0xx_hal_msp.c ****     PA3     ------> USART2_RX 
 129:Src/stm32f0xx_hal_msp.c ****     */
 130:Src/stm32f0xx_hal_msp.c ****     GPIO_InitStruct.Pin = USART_TX_Pin|USART_RX_Pin;
 131:Src/stm32f0xx_hal_msp.c ****     GPIO_InitStruct.Mode = GPIO_MODE_AF_PP;
 132:Src/stm32f0xx_hal_msp.c ****     GPIO_InitStruct.Pull = GPIO_NOPULL;
 133:Src/stm32f0xx_hal_msp.c ****     GPIO_InitStruct.Speed = GPIO_SPEED_FREQ_LOW;
 134:Src/stm32f0xx_hal_msp.c ****     GPIO_InitStruct.Alternate = GPIO_AF1_USART2;
 135:Src/stm32f0xx_hal_msp.c ****     HAL_GPIO_Init(GPIOA, &GPIO_InitStruct);
 136:Src/stm32f0xx_hal_msp.c **** 
 137:Src/stm32f0xx_hal_msp.c ****   /* USER CODE BEGIN USART2_MspInit 1 */
 138:Src/stm32f0xx_hal_msp.c **** 
 139:Src/stm32f0xx_hal_msp.c ****   /* USER CODE END USART2_MspInit 1 */
 140:Src/stm32f0xx_hal_msp.c ****   }
 141:Src/stm32f0xx_hal_msp.c **** 
 142:Src/stm32f0xx_hal_msp.c **** }
 196              		.loc 1 142 0
 197 000c 07B0     		add	sp, sp, #28
 198              		@ sp needed
 199 000e 00BD     		pop	{pc}
 200              	.LVL7:
 201              	.L16:
 202              	.LBB3:
 124:Src/stm32f0xx_hal_msp.c ****   
 203              		.loc 1 124 0
 204 0010 0D4A     		ldr	r2, .L17+4
ARM GAS  C:\Users\Raj\AppData\Local\Temp\cc9aQnxO.s 			page 7


 205 0012 D169     		ldr	r1, [r2, #28]
 206 0014 8020     		movs	r0, #128
 207              	.LVL8:
 208 0016 8002     		lsls	r0, r0, #10
 209 0018 0143     		orrs	r1, r0
 210 001a D161     		str	r1, [r2, #28]
 211 001c D369     		ldr	r3, [r2, #28]
 212 001e 0340     		ands	r3, r0
 213 0020 0093     		str	r3, [sp]
 214 0022 009B     		ldr	r3, [sp]
 215              	.LBE3:
 130:Src/stm32f0xx_hal_msp.c ****     GPIO_InitStruct.Mode = GPIO_MODE_AF_PP;
 216              		.loc 1 130 0
 217 0024 0C23     		movs	r3, #12
 218 0026 0193     		str	r3, [sp, #4]
 131:Src/stm32f0xx_hal_msp.c ****     GPIO_InitStruct.Pull = GPIO_NOPULL;
 219              		.loc 1 131 0
 220 0028 0A3B     		subs	r3, r3, #10
 221 002a 0293     		str	r3, [sp, #8]
 132:Src/stm32f0xx_hal_msp.c ****     GPIO_InitStruct.Speed = GPIO_SPEED_FREQ_LOW;
 222              		.loc 1 132 0
 223 002c 0023     		movs	r3, #0
 224 002e 0393     		str	r3, [sp, #12]
 133:Src/stm32f0xx_hal_msp.c ****     GPIO_InitStruct.Alternate = GPIO_AF1_USART2;
 225              		.loc 1 133 0
 226 0030 0493     		str	r3, [sp, #16]
 134:Src/stm32f0xx_hal_msp.c ****     HAL_GPIO_Init(GPIOA, &GPIO_InitStruct);
 227              		.loc 1 134 0
 228 0032 0133     		adds	r3, r3, #1
 229 0034 0593     		str	r3, [sp, #20]
 135:Src/stm32f0xx_hal_msp.c **** 
 230              		.loc 1 135 0
 231 0036 01A9     		add	r1, sp, #4
 232 0038 9020     		movs	r0, #144
 233 003a C005     		lsls	r0, r0, #23
 234 003c FFF7FEFF 		bl	HAL_GPIO_Init
 235              	.LVL9:
 236              		.loc 1 142 0
 237 0040 E4E7     		b	.L14
 238              	.L18:
 239 0042 C046     		.align	2
 240              	.L17:
 241 0044 00440040 		.word	1073759232
 242 0048 00100240 		.word	1073876992
 243              		.cfi_endproc
 244              	.LFE38:
 246              		.section	.text.HAL_UART_MspDeInit,"ax",%progbits
 247              		.align	1
 248              		.global	HAL_UART_MspDeInit
 249              		.syntax unified
 250              		.code	16
 251              		.thumb_func
 252              		.fpu softvfp
 254              	HAL_UART_MspDeInit:
 255              	.LFB39:
 143:Src/stm32f0xx_hal_msp.c **** 
 144:Src/stm32f0xx_hal_msp.c **** void HAL_UART_MspDeInit(UART_HandleTypeDef* huart)
ARM GAS  C:\Users\Raj\AppData\Local\Temp\cc9aQnxO.s 			page 8


 145:Src/stm32f0xx_hal_msp.c **** {
 256              		.loc 1 145 0
 257              		.cfi_startproc
 258              		@ args = 0, pretend = 0, frame = 0
 259              		@ frame_needed = 0, uses_anonymous_args = 0
 260              	.LVL10:
 261 0000 10B5     		push	{r4, lr}
 262              	.LCFI4:
 263              		.cfi_def_cfa_offset 8
 264              		.cfi_offset 4, -8
 265              		.cfi_offset 14, -4
 146:Src/stm32f0xx_hal_msp.c **** 
 147:Src/stm32f0xx_hal_msp.c ****   if(huart->Instance==USART2)
 266              		.loc 1 147 0
 267 0002 0268     		ldr	r2, [r0]
 268 0004 074B     		ldr	r3, .L22
 269 0006 9A42     		cmp	r2, r3
 270 0008 00D0     		beq	.L21
 271              	.LVL11:
 272              	.L19:
 148:Src/stm32f0xx_hal_msp.c ****   {
 149:Src/stm32f0xx_hal_msp.c ****   /* USER CODE BEGIN USART2_MspDeInit 0 */
 150:Src/stm32f0xx_hal_msp.c **** 
 151:Src/stm32f0xx_hal_msp.c ****   /* USER CODE END USART2_MspDeInit 0 */
 152:Src/stm32f0xx_hal_msp.c ****     /* Peripheral clock disable */
 153:Src/stm32f0xx_hal_msp.c ****     __HAL_RCC_USART2_CLK_DISABLE();
 154:Src/stm32f0xx_hal_msp.c ****   
 155:Src/stm32f0xx_hal_msp.c ****     /**USART2 GPIO Configuration    
 156:Src/stm32f0xx_hal_msp.c ****     PA2     ------> USART2_TX
 157:Src/stm32f0xx_hal_msp.c ****     PA3     ------> USART2_RX 
 158:Src/stm32f0xx_hal_msp.c ****     */
 159:Src/stm32f0xx_hal_msp.c ****     HAL_GPIO_DeInit(GPIOA, USART_TX_Pin|USART_RX_Pin);
 160:Src/stm32f0xx_hal_msp.c **** 
 161:Src/stm32f0xx_hal_msp.c ****   /* USER CODE BEGIN USART2_MspDeInit 1 */
 162:Src/stm32f0xx_hal_msp.c **** 
 163:Src/stm32f0xx_hal_msp.c ****   /* USER CODE END USART2_MspDeInit 1 */
 164:Src/stm32f0xx_hal_msp.c ****   }
 165:Src/stm32f0xx_hal_msp.c **** 
 166:Src/stm32f0xx_hal_msp.c **** }
 273              		.loc 1 166 0
 274              		@ sp needed
 275 000a 10BD     		pop	{r4, pc}
 276              	.LVL12:
 277              	.L21:
 153:Src/stm32f0xx_hal_msp.c ****   
 278              		.loc 1 153 0
 279 000c 064A     		ldr	r2, .L22+4
 280 000e D369     		ldr	r3, [r2, #28]
 281 0010 0649     		ldr	r1, .L22+8
 282 0012 0B40     		ands	r3, r1
 283 0014 D361     		str	r3, [r2, #28]
 159:Src/stm32f0xx_hal_msp.c **** 
 284              		.loc 1 159 0
 285 0016 0C21     		movs	r1, #12
 286 0018 9020     		movs	r0, #144
 287              	.LVL13:
 288 001a C005     		lsls	r0, r0, #23
ARM GAS  C:\Users\Raj\AppData\Local\Temp\cc9aQnxO.s 			page 9


 289 001c FFF7FEFF 		bl	HAL_GPIO_DeInit
 290              	.LVL14:
 291              		.loc 1 166 0
 292 0020 F3E7     		b	.L19
 293              	.L23:
 294 0022 C046     		.align	2
 295              	.L22:
 296 0024 00440040 		.word	1073759232
 297 0028 00100240 		.word	1073876992
 298 002c FFFFFDFF 		.word	-131073
 299              		.cfi_endproc
 300              	.LFE39:
 302              		.text
 303              	.Letext0:
 304              		.file 2 "c:\\program files (x86)\\gnu tools arm embedded\\6 2017-q1-update\\arm-none-eabi\\include
 305              		.file 3 "c:\\program files (x86)\\gnu tools arm embedded\\6 2017-q1-update\\arm-none-eabi\\include
 306              		.file 4 "Drivers/CMSIS/Device/ST/STM32F0xx/Include/system_stm32f0xx.h"
 307              		.file 5 "Drivers/CMSIS/Device/ST/STM32F0xx/Include/stm32f072xb.h"
 308              		.file 6 "c:\\program files (x86)\\gnu tools arm embedded\\6 2017-q1-update\\arm-none-eabi\\include
 309              		.file 7 "c:\\program files (x86)\\gnu tools arm embedded\\6 2017-q1-update\\arm-none-eabi\\include
 310              		.file 8 "c:\\program files (x86)\\gnu tools arm embedded\\6 2017-q1-update\\lib\\gcc\\arm-none-eab
 311              		.file 9 "c:\\program files (x86)\\gnu tools arm embedded\\6 2017-q1-update\\arm-none-eabi\\include
 312              		.file 10 "Drivers/STM32F0xx_HAL_Driver/Inc/stm32f0xx_hal_def.h"
 313              		.file 11 "Drivers/STM32F0xx_HAL_Driver/Inc/stm32f0xx_hal_gpio.h"
 314              		.file 12 "Drivers/STM32F0xx_HAL_Driver/Inc/stm32f0xx_hal_dma.h"
 315              		.file 13 "Drivers/STM32F0xx_HAL_Driver/Inc/stm32f0xx_hal_rtc.h"
 316              		.file 14 "Drivers/STM32F0xx_HAL_Driver/Inc/stm32f0xx_hal_uart.h"
 317              		.file 15 "Drivers/STM32F0xx_HAL_Driver/Inc/stm32f0xx_hal_cortex.h"
ARM GAS  C:\Users\Raj\AppData\Local\Temp\cc9aQnxO.s 			page 10


DEFINED SYMBOLS
                            *ABS*:00000000 stm32f0xx_hal_msp.c
C:\Users\Raj\AppData\Local\Temp\cc9aQnxO.s:16     .text.HAL_MspInit:00000000 $t
C:\Users\Raj\AppData\Local\Temp\cc9aQnxO.s:23     .text.HAL_MspInit:00000000 HAL_MspInit
C:\Users\Raj\AppData\Local\Temp\cc9aQnxO.s:77     .text.HAL_MspInit:00000040 $d
C:\Users\Raj\AppData\Local\Temp\cc9aQnxO.s:82     .text.HAL_RTC_MspInit:00000000 $t
C:\Users\Raj\AppData\Local\Temp\cc9aQnxO.s:89     .text.HAL_RTC_MspInit:00000000 HAL_RTC_MspInit
C:\Users\Raj\AppData\Local\Temp\cc9aQnxO.s:119    .text.HAL_RTC_MspInit:00000018 $d
C:\Users\Raj\AppData\Local\Temp\cc9aQnxO.s:125    .text.HAL_RTC_MspDeInit:00000000 $t
C:\Users\Raj\AppData\Local\Temp\cc9aQnxO.s:132    .text.HAL_RTC_MspDeInit:00000000 HAL_RTC_MspDeInit
C:\Users\Raj\AppData\Local\Temp\cc9aQnxO.s:161    .text.HAL_RTC_MspDeInit:00000018 $d
C:\Users\Raj\AppData\Local\Temp\cc9aQnxO.s:168    .text.HAL_UART_MspInit:00000000 $t
C:\Users\Raj\AppData\Local\Temp\cc9aQnxO.s:175    .text.HAL_UART_MspInit:00000000 HAL_UART_MspInit
C:\Users\Raj\AppData\Local\Temp\cc9aQnxO.s:241    .text.HAL_UART_MspInit:00000044 $d
C:\Users\Raj\AppData\Local\Temp\cc9aQnxO.s:247    .text.HAL_UART_MspDeInit:00000000 $t
C:\Users\Raj\AppData\Local\Temp\cc9aQnxO.s:254    .text.HAL_UART_MspDeInit:00000000 HAL_UART_MspDeInit
C:\Users\Raj\AppData\Local\Temp\cc9aQnxO.s:296    .text.HAL_UART_MspDeInit:00000024 $d
                     .debug_frame:00000010 $d

UNDEFINED SYMBOLS
HAL_NVIC_SetPriority
HAL_GPIO_Init
HAL_GPIO_DeInit
