ARM GAS  C:\Users\Raj\AppData\Local\Temp\ccr2KBfp.s 			page 1


   1              		.cpu cortex-m0
   2              		.eabi_attribute 20, 1
   3              		.eabi_attribute 21, 1
   4              		.eabi_attribute 23, 3
   5              		.eabi_attribute 24, 1
   6              		.eabi_attribute 25, 1
   7              		.eabi_attribute 26, 1
   8              		.eabi_attribute 30, 1
   9              		.eabi_attribute 34, 0
  10              		.eabi_attribute 18, 4
  11              		.file	"timers.c"
  12              		.text
  13              	.Ltext0:
  14              		.cfi_sections	.debug_frame
  15              	.Letext0:
  16              		.file 1 "c:\\program files (x86)\\gnu tools arm embedded\\6 2017-q1-update\\arm-none-eabi\\include
  17              		.file 2 "c:\\program files (x86)\\gnu tools arm embedded\\6 2017-q1-update\\arm-none-eabi\\include
  18              		.file 3 "c:\\program files (x86)\\gnu tools arm embedded\\6 2017-q1-update\\arm-none-eabi\\include
  19              		.file 4 "c:\\program files (x86)\\gnu tools arm embedded\\6 2017-q1-update\\lib\\gcc\\arm-none-eab
  20              		.file 5 "c:\\program files (x86)\\gnu tools arm embedded\\6 2017-q1-update\\arm-none-eabi\\include
  21              		.file 6 "c:\\program files (x86)\\gnu tools arm embedded\\6 2017-q1-update\\arm-none-eabi\\include
  22              		.file 7 "c:\\program files (x86)\\gnu tools arm embedded\\6 2017-q1-update\\arm-none-eabi\\include
  23              		.file 8 "Inc/FreeRTOSConfig.h"
ARM GAS  C:\Users\Raj\AppData\Local\Temp\ccr2KBfp.s 			page 2


DEFINED SYMBOLS
                            *ABS*:00000000 timers.c

NO UNDEFINED SYMBOLS
